<?xml version="1.0" encoding="UTF-8"?>
<testsuite name="Cucumber" time="14.863" tests="17" skipped="0" failures="0" errors="0">
<testcase classname="ProgramModule_Postive" name="Check if UserAdmin able to create a program with valid endpoint and request body with Authorization" time="3.487">
<system-out><![CDATA[
Given UserAdmin creates POST Request for the LMS with request body..........passed
When UserAdmin sends HTTPS Request and  request Body with endpoint..........passed
Then UserAdmin receives 201 Created Status with response body...............passed
]]></system-out>
</testcase>
<testcase classname="ProgramModule_Postive" name="Check if UserAdmin able to create a program with missing values in the request body" time="0.744">
<system-out><![CDATA[
Given UserAdmin creates POST Request for the LMS with request body..........passed
When UserAdmin sends HTTPS Request and  request Body with endpoint with missing field.passed
Then UserAdmin receives 500 ok..............................................passed
]]></system-out>
</testcase>
<testcase classname="ProgramModule_Postive" name="Check if UserAdmin able to retrieve all programs with valid Endpoint" time="0.986">
<system-out><![CDATA[
Given UserAdmin creates GET Request for the LMS API.........................passed
When UserAdmin sends HTTPS Request with endpoint allprograms................passed
Then UserAdmin receives 200 OK Status with response body....................passed
]]></system-out>
</testcase>
<testcase classname="ProgramModule_Postive" name="Check if UserAdmin able to retrieve a program with valid program ID" time="0.63">
<system-out><![CDATA[
Given UserAdmin creates GET Request for the LMS API.........................passed
When UserAdmin sends HTTPS Request with endpoint programid..................passed
Then UserAdmin receives 200 OK Status with response body....................passed
]]></system-out>
</testcase>
<testcase classname="ProgramModule_Postive" name="Check if UserAdmin able to retrieve all programs with valid Endpoint" time="0.939">
<system-out><![CDATA[
Given UserAdmin creates GET Request for the LMS API.........................passed
When UserAdmin sends HTTPS Request with endpoint allusers...................passed
Then UserAdmin receives 200 OK Status with response body....................passed
]]></system-out>
</testcase>
<testcase classname="ProgramModule_Postive" name="Check if UserAdmin able to update a program with valid programID endpoint  and valid request body" time="0.642">
<system-out><![CDATA[
Given UserAdmin creates PUT Request for the LMS API endpoint with request Body with mandatory , additional  fields..passed
When UserAdmin sends HTTPS Request with valid endpoint /putprogram/{programId}.passed
Then UserAdmin receives 200 OK Status with updated value in response body...passed
]]></system-out>
</testcase>
<testcase classname="ProgramModule_Postive" name="Check if UserAdmin able to update a program with  Valid program Name and request body" time="0.695">
<system-out><![CDATA[
Given UserAdmin creates PUT Request for the LMS API endpoint with request Body with mandatory , additional  fields..passed
When UserAdmin sends HTTPS Request with valid endpoint /program/programName.passed
Then UserAdmin receives 200 OK Status with updated value in response body...passed
]]></system-out>
</testcase>
<testcase classname="ProgramModule_Postive" name="Check if UserAdmin able to update a program status" time="0.698">
<system-out><![CDATA[
Given UserAdmin creates PUT Request for the LMS API endpoint  and  Valid program Name and status.passed
When UserAdmin sends HTTPS Request with valid endpoint /program/programName.passed
Then UserAdmin receives 200 OK Status with updated value in response body...passed
]]></system-out>
</testcase>
<testcase classname="ProgramModule_Postive" name="Check if UserAdmin able to delete a program with valid programName" time="0.635">
<system-out><![CDATA[
Given UserAdmin creates DELETE Request for the LMS API endpoint  and  valid programName.passed
When UserAdmin sends HTTPS Request with endpoint delprogname................passed
Then UserAdmin receives 200 Ok status with message..........................passed
]]></system-out>
</testcase>
<testcase classname="ProgramModule_Postive" name="Check if UserAdmin able to delete a program with valid program ID" time="0.625">
<system-out><![CDATA[
Given UserAdmin creates DELETE Request for the LMS API endpoint  and  valid program ID.passed
When UserAdmin sends HTTPS Request with endpoint delprogramid...............passed
Then UserAdmin receives 200 Ok status with message..........................passed
]]></system-out>
</testcase>
<testcase classname="Programbatch_Postive" name="Check if Batch Admin able to create a program with valid endpoint and request body with Authorization" time="0.652">
<system-out><![CDATA[
Given Batch Admin creates Batch POST Request for the LMS with request body..passed
When Batch Admin sends Batch POST HTTPS Request and  request Body with endpoint.passed
Then Batch Admin receives 201 Batch Created Status with response body.......passed
]]></system-out>
</testcase>
<testcase classname="Programbatch_Postive" name="Check if Batch Admin able to create a program with missing values in the request body" time="0.656">
<system-out><![CDATA[
Given Batch Admin creates Batch POST Request for the LMS with request body..passed
When Batch Admin sends Batch POST HTTPS Request and request Body with endpoint with missing field.passed
Then Batch Admin receives 500 ok for Batch values in req body...............passed
]]></system-out>
</testcase>
<testcase classname="Programbatch_Postive" name="Check if Batch Admin able to retrieve a batches with valid batch ID" time="0.574">
<system-out><![CDATA[
Given Batch Admin creates Batch GET Request for the LMS API.................passed
When Batch Admin sends Batch GET HTTPS Request with endpoint batchId........passed
Then Batch Admin receives 200 OK Status to reterive Batches with id with response body.passed
]]></system-out>
</testcase>
<testcase classname="Programbatch_Postive" name="Check if Batch Admin able to retrieve all batches with valid batchname" time="0.596">
<system-out><![CDATA[
Given Batch Admin creates Batch GET Request for the LMS API.................passed
When Batch Admin sends Batch GET HTTPS Request with endpoint batchName......passed
Then Batch Admin receives 200 OK Status with response body..................passed
]]></system-out>
</testcase>
<testcase classname="Programbatch_Postive" name="Check if Batch Admin able to retrieve all batches with valid programid" time="0.668">
<system-out><![CDATA[
Given Batch Admin creates Batch GET Request for the LMS API.................passed
When Batch Admin sends Batch GET HTTPS Request with endpoint programId......passed
Then Batch Admin receives 200 OK Status with response body..................passed
]]></system-out>
</testcase>
<testcase classname="Programbatch_Postive" name="Check if Batch Admin able to update  batches with valid batchid" time="0.602">
<system-out><![CDATA[
Given Batch Admin creates Batch PUT Request for the LMS API.................passed
When Batch Admin sends Batch PUT HTTPS Request with endpoint batchId and request.passed
Then Batch Admin receives 200 OK Status for updated Batches with response body..passed
]]></system-out>
</testcase>
<testcase classname="Programbatch_Postive" name="Check if Batch Admin able to delete batches with valid batchid" time="0.702">
<system-out><![CDATA[
Given Batch Admin creates Batch DELETE Request for the LMS API..............passed
When Batch Admin sends Batch DELETE HTTPS Request with endpoint id..........passed
Then Batch Admin receives 200 OK Status with response body..................passed
]]></system-out>
</testcase>
</testsuite>
